  main.cpp
SDL2-static.lib(SDL_systimer.obj) : error LNK2001: unresolved external symbol __imp_timeBeginPeriod
SDL2-static.lib(SDL_systimer.obj) : error LNK2001: unresolved external symbol __imp_timeEndPeriod
SDL2-static.lib(SDL_hidapi.obj) : error LNK2001: unresolved external symbol __imp_SetupDiEnumDeviceInfo
SDL2-static.lib(SDL_hidapi.obj) : error LNK2001: unresolved external symbol __imp_SetupDiDestroyDeviceInfoList
SDL2-static.lib(SDL_hidapi.obj) : error LNK2001: unresolved external symbol __imp_SetupDiEnumDeviceInterfaces
SDL2-static.lib(SDL_hidapi.obj) : error LNK2001: unresolved external symbol __imp_SetupDiGetDeviceInterfaceDetailA
SDL2-static.lib(SDL_hidapi.obj) : error LNK2001: unresolved external symbol __imp_SetupDiGetClassDevsA
SDL2-static.lib(SDL_hidapi.obj) : error LNK2001: unresolved external symbol __imp_SetupDiGetDeviceRegistryPropertyA
SDL2-static.lib(SDL_windowskeyboard.obj) : error LNK2001: unresolved external symbol GetFileVersionInfoSizeA
SDL2-static.lib(SDL_windowskeyboard.obj) : error LNK2001: unresolved external symbol GetFileVersionInfoA
SDL2-static.lib(SDL_windowskeyboard.obj) : error LNK2001: unresolved external symbol VerQueryValueA
SDL2-static.lib(SDL_windowskeyboard.obj) : error LNK2001: unresolved external symbol ImmGetIMEFileNameA
SDL2-static.lib(SDL_windowskeyboard.obj) : error LNK2001: unresolved external symbol ImmGetContext
SDL2-static.lib(SDL_windowskeyboard.obj) : error LNK2001: unresolved external symbol ImmReleaseContext
SDL2-static.lib(SDL_windowskeyboard.obj) : error LNK2001: unresolved external symbol ImmAssociateContext
SDL2-static.lib(SDL_windowskeyboard.obj) : error LNK2001: unresolved external symbol ImmGetCompositionStringW
SDL2-static.lib(SDL_windowskeyboard.obj) : error LNK2001: unresolved external symbol ImmSetCompositionStringW
SDL2-static.lib(SDL_windowskeyboard.obj) : error LNK2001: unresolved external symbol ImmGetCandidateListW
SDL2-static.lib(SDL_windowskeyboard.obj) : error LNK2001: unresolved external symbol ImmNotifyIME
SDL2-static.lib(SDL_windowskeyboard.obj) : error LNK2001: unresolved external symbol ImmSetCompositionWindow
SDL2-static.lib(SDL_windowskeyboard.obj) : error LNK2001: unresolved external symbol ImmSetCandidateWindow
SDL2-static.lib(SDL_winmm.obj) : error LNK2001: unresolved external symbol __imp_waveOutGetNumDevs
SDL2-static.lib(SDL_winmm.obj) : error LNK2001: unresolved external symbol __imp_waveOutGetDevCapsW
SDL2-static.lib(SDL_winmm.obj) : error LNK2001: unresolved external symbol __imp_waveOutGetErrorTextW
SDL2-static.lib(SDL_winmm.obj) : error LNK2001: unresolved external symbol __imp_waveOutOpen
SDL2-static.lib(SDL_winmm.obj) : error LNK2001: unresolved external symbol __imp_waveOutClose
SDL2-static.lib(SDL_winmm.obj) : error LNK2001: unresolved external symbol __imp_waveOutPrepareHeader
SDL2-static.lib(SDL_winmm.obj) : error LNK2001: unresolved external symbol __imp_waveOutUnprepareHeader
SDL2-static.lib(SDL_winmm.obj) : error LNK2001: unresolved external symbol __imp_waveOutWrite
SDL2-static.lib(SDL_winmm.obj) : error LNK2001: unresolved external symbol __imp_waveOutReset
SDL2-static.lib(SDL_winmm.obj) : error LNK2001: unresolved external symbol __imp_waveInGetNumDevs
SDL2-static.lib(SDL_winmm.obj) : error LNK2001: unresolved external symbol __imp_waveInGetDevCapsW
SDL2-static.lib(SDL_winmm.obj) : error LNK2001: unresolved external symbol __imp_waveInOpen
SDL2-static.lib(SDL_winmm.obj) : error LNK2001: unresolved external symbol __imp_waveInClose
SDL2-static.lib(SDL_winmm.obj) : error LNK2001: unresolved external symbol __imp_waveInPrepareHeader
SDL2-static.lib(SDL_winmm.obj) : error LNK2001: unresolved external symbol __imp_waveInUnprepareHeader
SDL2-static.lib(SDL_winmm.obj) : error LNK2001: unresolved external symbol __imp_waveInAddBuffer
SDL2-static.lib(SDL_winmm.obj) : error LNK2001: unresolved external symbol __imp_waveInStart
SDL2-static.lib(SDL_winmm.obj) : error LNK2001: unresolved external symbol __imp_waveInReset
SDL2-static.lib(SDL_windows_gaming_input.obj) : error LNK2001: unresolved external symbol __imp_CM_Get_Device_IDA
SDL2-static.lib(SDL_windows_gaming_input.obj) : error LNK2001: unresolved external symbol __imp_CM_Get_Parent
SDL2-static.lib(SDL_windows_gaming_input.obj) : error LNK2001: unresolved external symbol __imp_CM_Locate_DevNodeA
LIBCMT.lib(exe_main.obj) : error LNK2001: unresolved external symbol main
C:\Users\Ben\source\repos\DoublePendulum\x64\Release\Application.exe : fatal error LNK1120: 43 unresolved externals
